This is pdfTeX, Version 3.14159265-2.6-1.40.16 (TeX Live 2015) (preloaded format=pdflatex 2016.4.12)  16 APR 2019 09:05
entering extended mode
 restricted \write18 enabled.
 file:line:error style messages enabled.
 %&-line parsing enabled.
**/scratch/Dropbox/MYPAPERS/LivingReviews/lr.tex
(/scratch/Dropbox/MYPAPERS/LivingReviews/lr.tex
LaTeX2e <2016/03/31>
Babel <3.9q> and hyphenation patterns for 52 language(s) loaded.

LaTeX Warning: File `example.eps' already exists on the system.
               Not generating it from this source.

(/usr/pkg/teTeX/texlive/2015/texmf-dist/tex/latex/base/fix-cm.sty
Package: fix-cm 2015/01/14 v1.1t fixes to LaTeX
 (/usr/pkg/teTeX/texlive/2015/texmf-dist/tex/latex/base/ts1enc.def
File: ts1enc.def 2001/06/05 v3.0e (jk/car/fm) Standard LaTeX file
)) (/scratch/Dropbox/MYPAPERS/LivingReviews/svjour3.cls
Document Class: svjour3 2007/05/08 v3.2 
LaTeX document class for Springer journals
Class Springer-SVJour3 Info: extra/valid Springer sub-package (-> *.clo) 
(Springer-SVJour3)           not found in option list of \documentclass
(Springer-SVJour3)           - autoactivating "global" style.
(/scratch/Dropbox/MYPAPERS/LivingReviews/svglov3.clo
File: svglov3.clo 2009/12/18 v3.2 style option for standardised journals

SVJour Class option: svglov3.clo for standardised journals
)
LaTeX Font Info:    Redeclaring math symbol \Gamma on input line 147.
LaTeX Font Info:    Redeclaring math symbol \Delta on input line 148.
LaTeX Font Info:    Redeclaring math symbol \Theta on input line 149.
LaTeX Font Info:    Redeclaring math symbol \Lambda on input line 150.
LaTeX Font Info:    Redeclaring math symbol \Xi on input line 151.
LaTeX Font Info:    Redeclaring math symbol \Pi on input line 152.
LaTeX Font Info:    Redeclaring math symbol \Sigma on input line 153.
LaTeX Font Info:    Redeclaring math symbol \Upsilon on input line 154.
LaTeX Font Info:    Redeclaring math symbol \Phi on input line 155.
LaTeX Font Info:    Redeclaring math symbol \Psi on input line 156.
LaTeX Font Info:    Redeclaring math symbol \Omega on input line 157.
\logodepth=\dimen102
\headerboxheight=\dimen103
\betweenumberspace=\dimen104
\aftertext=\dimen105
\headlineindent=\dimen106
\c@inst=\count79
\c@auth=\count80
\instindent=\dimen107
\authrun=\box26
\authorrunning=\toks14
\titrun=\box27
\titlerunning=\toks15
\combirun=\box28
\c@lastpage=\count81
\rubricwidth=\dimen108
\c@section=\count82
\c@subsection=\count83
\c@subsubsection=\count84
\c@paragraph=\count85
\c@subparagraph=\count86
\spthmsep=\dimen109
\c@theorem=\count87
\c@case=\count88
\c@conjecture=\count89
\c@corollary=\count90
\c@definition=\count91
\c@example=\count92
\c@exercise=\count93
\c@lemma=\count94
\c@note=\count95
\c@problem=\count96
\c@property=\count97
\c@proposition=\count98
\c@question=\count99
\c@solution=\count100
\c@remark=\count101
\c@figure=\count102
\c@table=\count103
\abovecaptionskip=\skip41
\belowcaptionskip=\skip42
\figcapgap=\dimen110
\tabcapgap=\dimen111
\figgap=\dimen112
\bibindent=\dimen113
\@tempcntc=\count104
) (/usr/pkg/teTeX/texlive/2015/texmf-dist/tex/latex/graphics/graphicx.sty
Package: graphicx 2014/10/28 v1.0g Enhanced LaTeX Graphics (DPC,SPQR)
 (/usr/pkg/teTeX/texlive/2015/texmf-dist/tex/latex/graphics/keyval.sty
Package: keyval 2014/10/28 v1.15 key=value parser (DPC)
\KV@toks@=\toks16
) (/usr/pkg/teTeX/texlive/2015/texmf-dist/tex/latex/graphics/graphics.sty
Package: graphics 2016/01/03 v1.0q Standard LaTeX Graphics (DPC,SPQR)
 (/usr/pkg/teTeX/texlive/2015/texmf-dist/tex/latex/graphics/trig.sty
Package: trig 2016/01/03 v1.10 sin cos tan (DPC)
) (/usr/pkg/teTeX/texlive/2015/texmf-dist/tex/latex/latexconfig/graphics.cfg
File: graphics.cfg 2010/04/23 v1.9 graphics configuration of TeX Live
)
Package graphics Info: Driver file: pdftex.def on input line 95.
 (/usr/pkg/teTeX/texlive/2015/texmf-dist/tex/latex/pdftex-def/pdftex.def
File: pdftex.def 2011/05/27 v0.06d Graphics/color for pdfTeX
 (/usr/pkg/teTeX/texlive/2015/texmf-dist/tex/generic/oberdiek/infwarerr.sty
Package: infwarerr 2010/04/08 v1.3 Providing info/warning/error messages (HO)
) (/usr/pkg/teTeX/texlive/2015/texmf-dist/tex/generic/oberdiek/ltxcmds.sty
Package: ltxcmds 2011/11/09 v1.22 LaTeX kernel commands for general use (HO)
)
\Gread@gobject=\count105
))
\Gin@req@height=\dimen114
\Gin@req@width=\dimen115
) (/usr/pkg/teTeX/texlive/2015/texmf-dist/tex/latex/natbib/natbib.sty
Package: natbib 2010/09/13 8.31b (PWD, AO)
\bibhang=\skip43
\bibsep=\skip44
LaTeX Info: Redefining \cite on input line 694.
\c@NAT@ctr=\count106
) (/scratch/Dropbox/MYPAPERS/LivingReviews/lr.aux)
\openout1 = `lr.aux'.

LaTeX Font Info:    Checking defaults for OML/cmm/m/it on input line 72.
LaTeX Font Info:    ... okay on input line 72.
LaTeX Font Info:    Checking defaults for T1/cmr/m/n on input line 72.
LaTeX Font Info:    ... okay on input line 72.
LaTeX Font Info:    Checking defaults for OT1/cmr/m/n on input line 72.
LaTeX Font Info:    ... okay on input line 72.
LaTeX Font Info:    Checking defaults for OMS/cmsy/m/n on input line 72.
LaTeX Font Info:    ... okay on input line 72.
LaTeX Font Info:    Checking defaults for OMX/cmex/m/n on input line 72.
LaTeX Font Info:    ... okay on input line 72.
LaTeX Font Info:    Checking defaults for U/cmr/m/n on input line 72.
LaTeX Font Info:    ... okay on input line 72.
LaTeX Font Info:    Checking defaults for TS1/cmr/m/n on input line 72.
LaTeX Font Info:    ... okay on input line 72.

Unknown journal: specify \journalname{<name of your journal>} in preambel

(/usr/pkg/teTeX/texlive/2015/texmf-dist/tex/context/base/supp-pdf.mkii
[Loading MPS to PDF converter (version 2006.09.02).]
\scratchcounter=\count107
\scratchdimen=\dimen116
\scratchbox=\box29
\nofMPsegments=\count108
\nofMParguments=\count109
\everyMPshowfont=\toks17
\MPscratchCnt=\count110
\MPscratchDim=\dimen117
\MPnumerator=\count111
\makeMPintoPDFobject=\count112
\everyMPtoPDFconversion=\toks18
) (/usr/pkg/teTeX/texlive/2015/texmf-dist/tex/generic/oberdiek/pdftexcmds.sty
Package: pdftexcmds 2011/11/29 v0.20 Utility functions of pdfTeX for LuaTeX (HO)
 (/usr/pkg/teTeX/texlive/2015/texmf-dist/tex/generic/oberdiek/ifluatex.sty
Package: ifluatex 2010/03/01 v1.3 Provides the ifluatex switch (HO)
Package ifluatex Info: LuaTeX not detected.
) (/usr/pkg/teTeX/texlive/2015/texmf-dist/tex/generic/oberdiek/ifpdf.sty
Package: ifpdf 2011/01/30 v2.3 Provides the ifpdf switch (HO)
Package ifpdf Info: pdfTeX in PDF mode is detected.
)
Package pdftexcmds Info: LuaTeX not detected.
Package pdftexcmds Info: \pdf@primitive is available.
Package pdftexcmds Info: \pdf@ifprimitive is available.
Package pdftexcmds Info: \pdfdraftmode found.
) (/usr/pkg/teTeX/texlive/2015/texmf-dist/tex/latex/oberdiek/epstopdf-base.sty
Package: epstopdf-base 2010/02/09 v2.5 Base part for package epstopdf
 (/usr/pkg/teTeX/texlive/2015/texmf-dist/tex/latex/oberdiek/grfext.sty
Package: grfext 2010/08/19 v1.1 Manage graphics extensions (HO)
 (/usr/pkg/teTeX/texlive/2015/texmf-dist/tex/generic/oberdiek/kvdefinekeys.sty
Package: kvdefinekeys 2011/04/07 v1.3 Define keys (HO)
)) (/usr/pkg/teTeX/texlive/2015/texmf-dist/tex/latex/oberdiek/kvoptions.sty
Package: kvoptions 2011/06/30 v3.11 Key value format for package options (HO)
 (/usr/pkg/teTeX/texlive/2015/texmf-dist/tex/generic/oberdiek/kvsetkeys.sty
Package: kvsetkeys 2012/04/25 v1.16 Key value parser (HO)
 (/usr/pkg/teTeX/texlive/2015/texmf-dist/tex/generic/oberdiek/etexcmds.sty
Package: etexcmds 2011/02/16 v1.5 Avoid name clashes with e-TeX commands (HO)
Package etexcmds Info: Could not find \expanded.
(etexcmds)             That can mean that you are not using pdfTeX 1.50 or
(etexcmds)             that some package has redefined \expanded.
(etexcmds)             In the latter case, load this package earlier.
)))
Package grfext Info: Graphics extension search list:
(grfext)             [.png,.pdf,.jpg,.mps,.jpeg,.jbig2,.jb2,.PNG,.PDF,.JPG,.JPEG,.JBIG2,.JB2,.eps]
(grfext)             \AppendGraphicsExtensions on input line 452.
 (/usr/pkg/teTeX/texlive/2015/texmf-dist/tex/latex/latexconfig/epstopdf-sys.cfg
File: epstopdf-sys.cfg 2010/07/13 v1.3 Configuration of (r)epstopdf for TeX Live
))
SVJour3 warning: Missing \journalname
LaTeX Font Info:    Calculating math sizes for size <9.5> on input line 95.
LaTeX Font Info:    External font `cmex10' loaded for size
(Font)              <9.5> on input line 95.
LaTeX Font Info:    External font `cmex10' loaded for size
(Font)              <6.64996> on input line 95.
LaTeX Font Info:    External font `cmex10' loaded for size
(Font)              <4.75> on input line 95.
LaTeX Font Info:    External font `cmex10' loaded for size
(Font)              <8> on input line 95.
LaTeX Font Info:    External font `cmex10' loaded for size
(Font)              <6> on input line 95.
LaTeX Font Info:    External font `cmex10' loaded for size
(Font)              <5> on input line 95.
Missing character: There is no Ã in font cmr9!
Missing character: There is no Ä in font cmr9!
Missing character: There is no Ã in font cmr9!
Missing character: There is no Ä in font cmr9!
[1{/usr/pkg/teTeX/texlive/2015/texmf-var/fonts/map/pdftex/updmap/pdftex.map}]
Missing character: There is no Œ in font cmr9!
Missing character: There is no ª in font cmr9!
Missing character: There is no ‚ in font cmr9!
Missing character: There is no â in font cmr9!
Missing character: There is no ´ in font cmr9!
Missing character: There is no Œ in font cmr9!
Missing character: There is no ª in font cmr9!
Missing character: There is no Œ in font cmr9!
Missing character: There is no ª in font cmr9!
Missing character: There is no À in font cmr9!
Missing character: There is no Ü in font cmr9!
Missing character: There is no √ in font cmr9!
Missing character: There is no ó in font cmr9!
Missing character: There is no Œ in font cmr9!
Missing character: There is no ª in font cmr9!
Missing character: There is no À in font cmr9!
Missing character: There is no Ü in font cmr9!
Missing character: There is no ‚ in font cmr9!
Missing character: There is no â in font cmr9!
Missing character: There is no ´ in font cmr9!
Missing character: There is no Œ in font cmr9!
Missing character: There is no ª in font cmr9!
Missing character: There is no À in font cmr9!
Missing character: There is no Ü in font cmr9!
Missing character: There is no À in font cmr9!
Missing character: There is no Ü in font cmr9!
Missing character: There is no À in font cmr9!
Missing character: There is no Ü in font cmr9!
Missing character: There is no À in font cmr9!
Missing character: There is no Ü in font cmr9!
Missing character: There is no À in font cmr9!
Missing character: There is no Ü in font cmr9!
Missing character: There is no À in font cmr9!
Missing character: There is no Ü in font cmr9!
Missing character: There is no Œ in font cmr9!
Missing character: There is no ª in font cmr9!
Missing character: There is no √ in font cmr9!
Missing character: There is no ó in font cmr9!
Missing character: There is no Œ in font cmr9!
Missing character: There is no ª in font cmr9!
Missing character: There is no ‚ in font cmr9!
Missing character: There is no Ä in font cmr9!
Missing character: There is no ú in font cmr9!
Missing character: There is no ‚ in font cmr9!
Missing character: There is no Ä in font cmr9!
Missing character: There is no ù in font cmr9!
Missing character: There is no À in font cmr9!
Missing character: There is no Ü in font cmr9!
Missing character: There is no ‚ in font cmr9!
Missing character: There is no Ä in font cmr9!
Missing character: There is no ≤ in font cmr9!
Missing character: There is no À in font cmr9!
Missing character: There is no Ü in font cmr9!
Missing character: There is no À in font cmr9!
Missing character: There is no Ü in font cmr9!
Missing character: There is no À in font cmr9!
Missing character: There is no Ü in font cmr9!
Missing character: There is no ‚ in font cmr9!
Missing character: There is no Ä in font cmr9!
Missing character: There is no ≤ in font cmr9!
Missing character: There is no √ in font cmr9!
Missing character: There is no ó in font cmr9!
Missing character: There is no À in font cmr9!
Missing character: There is no Ü in font cmr9!
Missing character: There is no À in font cmr9!
Missing character: There is no Ü in font cmr9!
Missing character: There is no À in font cmr9!
Missing character: There is no Ü in font cmr9!
Missing character: There is no Œ in font cmr9!
Missing character: There is no ª in font cmr9!
Missing character: There is no √ in font cmr9!
Missing character: There is no ó in font cmr9!
Missing character: There is no Œ in font cmr9!
Missing character: There is no ª in font cmr9!
Missing character: There is no Ô in font cmr9!
Missing character: There is no ø in font cmr9!
Missing character: There is no Ω in font cmr9!
Missing character: There is no Ô in font cmr9!
Missing character: There is no ø in font cmr9!
Missing character: There is no Ω in font cmr9!
Missing character: There is no Ô in font cmr9!
Missing character: There is no ø in font cmr9!
Missing character: There is no Ω in font cmr9!
Missing character: There is no Ô in font cmr9!
Missing character: There is no ø in font cmr9!
Missing character: There is no Ω in font cmr9!
Missing character: There is no Œ in font cmr9!
Missing character: There is no ª in font cmr9!
Missing character: There is no À in font cmr9!
Missing character: There is no Ü in font cmr9!
Missing character: There is no À in font cmr9!
Missing character: There is no Ü in font cmr9!
Missing character: There is no À in font cmr9!
Missing character: There is no Ü in font cmr9!
Missing character: There is no À in font cmr9!
Missing character: There is no Ü in font cmr9!
Missing character: There is no √ in font cmr9!
Missing character: There is no ó in font cmr9!
Missing character: There is no Œ in font cmr9!
Missing character: There is no ª in font cmr9!
Missing character: There is no À in font cmr9!
Missing character: There is no Ü in font cmr9!
Missing character: There is no À in font cmr9!
Missing character: There is no Ü in font cmr9!
Missing character: There is no À in font cmr9!
Missing character: There is no Ü in font cmr9!
Missing character: There is no À in font cmr9!
Missing character: There is no Ü in font cmr9!
Missing character: There is no ‚ in font cmr9!
Missing character: There is no à in font cmr9!
Missing character: There is no í in font cmr9!
Missing character: There is no À in font cmr9!
Missing character: There is no Ü in font cmr9!
 [2] <figs/fullc.pdf, id=16, 514.99487pt x 566.20984pt>
File: figs/fullc.pdf Graphic file (type pdf)
 <use figs/fullc.pdf>
Package pdftex.def Info: figs/fullc.pdf used on input line 172.
(pdftex.def)             Requested size: 347.0pt x 381.51852pt.
 [3]
Missing character: There is no œ in font cmr9!
Missing character: There is no É in font cmr9!
Missing character: There is no œ in font cmr9!
Missing character: There is no É in font cmr9!
Missing character: There is no Ô in font cmr9!
Missing character: There is no ø in font cmr9!
Missing character: There is no Ω in font cmr9!
Missing character: There is no Ô in font cmr9!
Missing character: There is no ø in font cmr9!
Missing character: There is no Ω in font cmr9!
Missing character: There is no Ô in font cmr9!
Missing character: There is no ø in font cmr9!
Missing character: There is no Ω in font cmr9!
Missing character: There is no Ô in font cmr9!
Missing character: There is no ø in font cmr9!
Missing character: There is no Ω in font cmr9!
Missing character: There is no œ in font cmr9!
Missing character: There is no É in font cmr9!
Missing character: There is no Ô in font cmr9!
Missing character: There is no ø in font cmr9!
Missing character: There is no Ω in font cmr9!
Missing character: There is no Ô in font cmr9!
Missing character: There is no ø in font cmr9!
Missing character: There is no Ω in font cmr9!
Missing character: There is no œ in font cmr9!
Missing character: There is no É in font cmr9!
Missing character: There is no √ in font cmr9!
Missing character: There is no ó in font cmr9!

Underfull \vbox (badness 2781) has occurred while \output is active []

 [4 </scratch/Dropbox/MYPAPERS/LivingReviews/figs/fullc.pdf>] [5]

LaTeX Warning: Reference `fig:featuremap' on page 6 undefined on input line 292.

[6] [7]
Overfull \hbox (1.43085pt too wide) in paragraph at lines 357--364
[]\OT1/cmr/m/n/9.5 In prac-tice, pro-ce-dures based on the so-called stochas-tic gra-di-ent de-scent (SGD)
 []


Package natbib Warning: Citation `residualnetwork16' on page 8 undefined on input line 401.

[8] (/scratch/Dropbox/MYPAPERS/LivingReviews/lr.bbl
Underfull \hbox (badness 1478) in paragraph at lines 41--45
\OT1/cmr/m/n/9.5 Three-dimensional sur-face struc-tures re-trieved from Hin-ode ob-ser-va-tions.
 []


Underfull \hbox (badness 1478) in paragraph at lines 47--51
\OT1/cmr/m/n/9.5 Three-dimensional sur-face struc-tures re-trieved from Hin-ode ob-ser-va-tions.
 []

[9]
Underfull \hbox (badness 1635) in paragraph at lines 74--76
[]\OT1/cmr/m/n/9.5 Goodfellow I, Ben-gio Y, Courville A (2016) Deep Learn-ing. MIT Press,
 []


Underfull \hbox (badness 1231) in paragraph at lines 83--88
\OT1/cmr/m/n/9.5 train-ing by re-duc-ing in-ter-nal co-vari-ate shift. In: Blei D, Bach F (eds)
 []


Underfull \hbox (badness 1509) in paragraph at lines 83--88
\OT1/cmr/m/n/9.5 Pro-ceed-ings of the 32nd In-ter-na-tional Con-fer-ence on Ma-chine Learn-ing
 []


Underfull \hbox (badness 1418) in paragraph at lines 100--104
[]\OT1/cmr/m/n/9.5 LeCun Y, Bot-tou L, Orr GB, M^^?uller KR (1998) Ef-fi-cient back-prop. In:
 []


Underfull \hbox (badness 2237) in paragraph at lines 129--133
[]\OT1/cmr/m/n/9.5 Rumelhart DE, Hin-ton GE, Williams RJ (1988) Neu-ro-com-put-ing: Foun-
 []


Underfull \hbox (badness 3646) in paragraph at lines 129--133
\OT1/cmr/m/n/9.5 da-tions of re-search. MIT Press, Cam-bridge, MA, USA, chap Learn-
 []


Underfull \hbox (badness 10000) in paragraph at lines 129--133
\OT1/cmr/m/n/9.5 ing Rep-re-sen-ta-tions by Back-propagating Er-rors, pp 696--699, URL
 []


Underfull \vbox (badness 10000) has occurred while \output is active []

 [10])

Package natbib Warning: There were undefined citations.

[11] (/scratch/Dropbox/MYPAPERS/LivingReviews/lr.aux)

LaTeX Warning: There were undefined references.

 ) 
Here is how much of TeX's memory you used:
 2645 strings out of 493650
 39577 string characters out of 6151122
 101545 words of memory out of 5000000
 6127 multiletter control sequences out of 15000+600000
 12193 words of font info for 42 fonts, out of 8000000 for 9000
 783 hyphenation exceptions out of 8191
 38i,8n,23p,1282b,293s stack positions out of 5000i,500n,10000p,200000b,80000s
</usr/pkg/teTeX/texlive/2015/texmf-dist/fonts/type1/public/amsfonts/cm/cmbsy10.pfb></usr/pkg/teTeX/texlive/2015/texmf-dist/fonts/type1/public/amsfonts/cm/cmbx12.pfb></usr/pkg/teTeX/texlive/2015/texmf-dist/fonts/type1/public/amsfonts/cm/cmbx8.pfb></usr/pkg/teTeX/texlive/2015/texmf-dist/fonts/type1/public/amsfonts/cm/cmbx9.pfb></usr/pkg/teTeX/texlive/2015/texmf-dist/fonts/type1/public/amsfonts/cm/cmmi6.pfb></usr/pkg/teTeX/texlive/2015/texmf-dist/fonts/type1/public/amsfonts/cm/cmmi9.pfb></usr/pkg/teTeX/texlive/2015/texmf-dist/fonts/type1/public/amsfonts/cm/cmr6.pfb></usr/pkg/teTeX/texlive/2015/texmf-dist/fonts/type1/public/amsfonts/cm/cmr8.pfb></usr/pkg/teTeX/texlive/2015/texmf-dist/fonts/type1/public/amsfonts/cm/cmr9.pfb></usr/pkg/teTeX/texlive/2015/texmf-dist/fonts/type1/public/amsfonts/cm/cmsy6.pfb></usr/pkg/teTeX/texlive/2015/texmf-dist/fonts/type1/public/amsfonts/cm/cmsy9.pfb></usr/pkg/teTeX/texlive/2015/texmf-dist/fonts/type1/public/amsfonts/cm/cmti9.pfb>
Output written on /scratch/Dropbox/MYPAPERS/LivingReviews/lr.pdf (11 pages, 184508 bytes).
PDF statistics:
 97 PDF objects out of 1000 (max. 8388607)
 68 compressed objects within 1 object stream
 0 named destinations out of 1000 (max. 500000)
 6 words of extra memory for PDF output out of 10000 (max. 10000000)

